<component name="libraryTable">
  <library name="junit5">
    <CLASSES>
      <root url="jar://$PROJECT_DIR$/资料/lib/junit5/junit-jupiter-api-5.9.2.jar!/" />
      <root url="jar://$PROJECT_DIR$/资料/lib/junit5/apiguardian-api-1.1.2.jar!/" />
      <root url="jar://$PROJECT_DIR$/资料/lib/junit5/junit-jupiter-engine-5.9.2.jar!/" />
      <root url="jar://$PROJECT_DIR$/资料/lib/junit5/junit-platform-commons-1.9.2.jar!/" />
      <root url="jar://$PROJECT_DIR$/资料/lib/junit5/junit-jupiter-5.9.2.jar!/" />
      <root url="jar://$PROJECT_DIR$/资料/lib/junit5/junit-platform-engine-1.9.2.jar!/" />
      <root url="jar://$PROJECT_DIR$/资料/lib/junit5/opentest4j-1.2.0.jar!/" />
      <root url="jar://$PROJECT_DIR$/资料/lib/junit5/junit-jupiter-params-5.9.2.jar!/" />
    </CLASSES>
    <JAVADOC />
    <SOURCES />
  </library>
</component>